Started GET "/" for ::1 at 2026-01-26 22:32:48 +1000
  [1m[35m (0.2ms)[0m  [1m[35mCREATE TABLE "schema_migrations" ("version" varchar NOT NULL PRIMARY KEY) /*application='WindsurfProject'*/[0m
  [1m[35m (0.1ms)[0m  [1m[35mCREATE TABLE "ar_internal_metadata" ("key" varchar NOT NULL PRIMARY KEY, "value" varchar, "created_at" datetime(6) NOT NULL, "updated_at" datetime(6) NOT NULL) /*application='WindsurfProject'*/[0m
  [1m[36mActiveRecord::SchemaMigration Load (0.1ms)[0m  [1m[34mSELECT "schema_migrations"."version" FROM "schema_migrations" ORDER BY "schema_migrations"."version" ASC /*application='WindsurfProject'*/[0m
Processing by WelcomeController#index as HTML
  Rendering layout layouts/application.html.erb
  Rendering welcome/index.html.erb within layouts/application
  Rendered welcome/index.html.erb within layouts/application (Duration: 0.2ms | GC: 0.0ms)
  Rendered layout layouts/application.html.erb (Duration: 2.3ms | GC: 0.0ms)
Completed 200 OK in 25ms (Views: 4.7ms | ActiveRecord: 0.0ms (0 queries, 0 cached) | GC: 0.0ms)


  [1m[36mFlipper feature(search) enabled? nil (23.6ms)[0m  [ actors=nil ]
Started GET "/" for ::1 at 2026-01-26 22:47:38 +1000
  [1m[36mActiveRecord::SchemaMigration Load (0.1ms)[0m  [1m[34mSELECT "schema_migrations"."version" FROM "schema_migrations" ORDER BY "schema_migrations"."version" ASC /*application='WindsurfProject'*/[0m
  [1m[35m (0.7ms)[0m  [1m[34mSELECT "flipper_features"."key" AS feature_key, "flipper_gates"."key", "flipper_gates"."value" FROM "flipper_features" LEFT OUTER JOIN "flipper_gates" ON "flipper_features"."key" = "flipper_gates"."feature_key" /*application='WindsurfProject'*/[0m
  
ActiveRecord::StatementInvalid (SQLite3::SQLException: no such table: flipper_features:
SELECT "flipper_features"."key" AS feature_key, "flipper_gates"."key", "flipper_gates"."value" FROM "flipper_features" LEFT OUTER JOIN "flipper_gates" ON "flipper_features"."key" = "flipper_gates"."feature_key" /*application='WindsurfProject'*/)
Caused by: SQLite3::SQLException (no such table: flipper_features:
SELECT "flipper_features"."key" AS feature_key, "flipper_gates"."key", "flipper_gates"."value" FROM "flipper_features" LEFT OUTER JOIN "flipper_gates" ON "flipper_features"."key" = "flipper_gates"."feature_key" /*application='WindsurfProject'*/)

Information for: ActiveRecord::StatementInvalid (SQLite3::SQLException: no such table: flipper_features:
SELECT "flipper_features"."key" AS feature_key, "flipper_gates"."key", "flipper_gates"."value" FROM "flipper_features" LEFT OUTER JOIN "flipper_gates" ON "flipper_features"."key" = "flipper_gates"."feature_key" /*application='WindsurfProject'*/):
  

Information for cause: SQLite3::SQLException (no such table: flipper_features:
SELECT "flipper_features"."key" AS feature_key, "flipper_gates"."key", "flipper_gates"."value" FROM "flipper_features" LEFT OUTER JOIN "flipper_gates" ON "flipper_features"."key" = "flipper_gates"."feature_key" /*application='WindsurfProject'*/):
  
sqlite3-2.9.0-arm64 (darwin) lib/sqlite3/statement.rb:36:in `prepare'
sqlite3-2.9.0-arm64 (darwin) lib/sqlite3/statement.rb:36:in `initialize'
sqlite3-2.9.0-arm64 (darwin) lib/sqlite3/database.rb:217:in `new'
sqlite3-2.9.0-arm64 (darwin) lib/sqlite3/database.rb:217:in `prepare'
activerecord (8.0.4) lib/active_record/connection_adapters/sqlite3/database_statements.rb:94:in `perform_query'
activerecord (8.0.4) lib/active_record/connection_adapters/abstract/database_statements.rb:556:in `block (2 levels) in raw_execute'
activerecord (8.0.4) lib/active_record/connection_adapters/abstract_adapter.rb:1017:in `block in with_raw_connection'
activesupport (8.0.4) lib/active_support/concurrency/null_lock.rb:9:in `synchronize'
activerecord (8.0.4) lib/active_record/connection_adapters/abstract_adapter.rb:986:in `with_raw_connection'
activerecord (8.0.4) lib/active_record/connection_adapters/abstract/database_statements.rb:555:in `block in raw_execute'
activesupport (8.0.4) lib/active_support/notifications/instrumenter.rb:58:in `instrument'
activerecord (8.0.4) lib/active_record/connection_adapters/abstract_adapter.rb:1137:in `log'
activerecord (8.0.4) lib/active_record/connection_adapters/abstract/database_statements.rb:554:in `raw_execute'
activerecord (8.0.4) lib/active_record/connection_adapters/abstract/database_statements.rb:591:in `internal_execute'
activerecord (8.0.4) lib/active_record/connection_adapters/abstract/database_statements.rb:547:in `internal_exec_query'
activerecord (8.0.4) lib/active_record/connection_adapters/abstract/database_statements.rb:693:in `select'
activerecord (8.0.4) lib/active_record/connection_adapters/abstract/database_statements.rb:73:in `select_all'
activerecord (8.0.4) lib/active_record/connection_adapters/abstract/query_cache.rb:259:in `block in select_all'
activerecord (8.0.4) lib/active_record/connection_adapters/abstract/query_cache.rb:297:in `block (2 levels) in cache_sql'
activerecord (8.0.4) lib/active_record/connection_adapters/abstract/query_cache.rb:80:in `compute_if_absent'
activerecord (8.0.4) lib/active_record/connection_adapters/abstract/query_cache.rb:295:in `block in cache_sql'
activesupport (8.0.4) lib/active_support/concurrency/null_lock.rb:9:in `synchronize'
activerecord (8.0.4) lib/active_record/connection_adapters/abstract/query_cache.rb:294:in `cache_sql'
activerecord (8.0.4) lib/active_record/connection_adapters/abstract/query_cache.rb:259:in `select_all'
activerecord (8.0.4) lib/active_record/connection_adapters/abstract/database_statements.rb:102:in `select_rows'
flipper-active_record (1.3.6) lib/flipper/adapters/active_record.rb:139:in `block in get_all'
activerecord (8.0.4) lib/active_record/connection_adapters/abstract/connection_pool.rb:422:in `with_connection'
flipper-active_record (1.3.6) lib/flipper/adapters/active_record.rb:299:in `with_connection'
flipper-active_record (1.3.6) lib/flipper/adapters/active_record.rb:132:in `get_all'
flipper (1.3.6) lib/flipper/adapters/wrapper.rb:32:in `public_send'
flipper (1.3.6) lib/flipper/adapters/wrapper.rb:32:in `block (3 levels) in <class:Wrapper>'
flipper (1.3.6) lib/flipper/adapters/wrapper.rb:45:in `wrap'
flipper (1.3.6) lib/flipper/adapters/wrapper.rb:32:in `block (2 levels) in <class:Wrapper>'
flipper (1.3.6) lib/flipper/adapters/wrapper.rb:32:in `public_send'
flipper (1.3.6) lib/flipper/adapters/wrapper.rb:32:in `block (3 levels) in <class:Wrapper>'
flipper (1.3.6) lib/flipper/adapters/wrapper.rb:45:in `wrap'
flipper (1.3.6) lib/flipper/adapters/wrapper.rb:32:in `block (2 levels) in <class:Wrapper>'
flipper (1.3.6) lib/flipper/adapters/memoizable.rb:93:in `get_all'
flipper (1.3.6) lib/flipper/dsl.rb:239:in `preload_all'
/Users/rapramos/.rbenv/versions/3.3.0/lib/ruby/3.3.0/forwardable.rb:240:in `preload_all'
flipper (1.3.6) lib/flipper/middleware/memoizer.rb:83:in `memoized_call'
flipper (1.3.6) lib/flipper/middleware/memoizer.rb:45:in `call'
rack (3.2.4) lib/rack/tempfile_reaper.rb:20:in `call'
rack (3.2.4) lib/rack/etag.rb:29:in `call'
rack (3.2.4) lib/rack/conditional_get.rb:31:in `call'
rack (3.2.4) lib/rack/head.rb:15:in `call'
actionpack (8.0.4) lib/action_dispatch/http/permissions_policy.rb:38:in `call'
actionpack (8.0.4) lib/action_dispatch/http/content_security_policy.rb:38:in `call'
rack-session (2.1.1) lib/rack/session/abstract/id.rb:274:in `context'
rack-session (2.1.1) lib/rack/session/abstract/id.rb:268:in `call'
actionpack (8.0.4) lib/action_dispatch/middleware/cookies.rb:706:in `call'
activerecord (8.0.4) lib/active_record/migration.rb:670:in `call'
actionpack (8.0.4) lib/action_dispatch/middleware/callbacks.rb:31:in `block in call'
activesupport (8.0.4) lib/active_support/callbacks.rb:100:in `run_callbacks'
actionpack (8.0.4) lib/action_dispatch/middleware/callbacks.rb:30:in `call'
actionpack (8.0.4) lib/action_dispatch/middleware/executor.rb:16:in `call'
actionpack (8.0.4) lib/action_dispatch/middleware/actionable_exceptions.rb:18:in `call'
actionpack (8.0.4) lib/action_dispatch/middleware/debug_exceptions.rb:31:in `call'
actionpack (8.0.4) lib/action_dispatch/middleware/show_exceptions.rb:32:in `call'
railties (8.0.4) lib/rails/rack/logger.rb:41:in `call_app'
railties (8.0.4) lib/rails/rack/logger.rb:29:in `call'
actionpack (8.0.4) lib/action_dispatch/middleware/remote_ip.rb:96:in `call'
actionpack (8.0.4) lib/action_dispatch/middleware/request_id.rb:34:in `call'
rack (3.2.4) lib/rack/method_override.rb:28:in `call'
rack (3.2.4) lib/rack/runtime.rb:24:in `call'
actionpack (8.0.4) lib/action_dispatch/middleware/server_timing.rb:61:in `block in call'
actionpack (8.0.4) lib/action_dispatch/middleware/server_timing.rb:26:in `collect_events'
actionpack (8.0.4) lib/action_dispatch/middleware/server_timing.rb:60:in `call'
actionpack (8.0.4) lib/action_dispatch/middleware/executor.rb:16:in `call'
propshaft (1.3.1) lib/propshaft/server.rb:37:in `call'
actionpack (8.0.4) lib/action_dispatch/middleware/static.rb:27:in `call'
rack (3.2.4) lib/rack/sendfile.rb:131:in `call'
actionpack (8.0.4) lib/action_dispatch/middleware/host_authorization.rb:143:in `call'
railties (8.0.4) lib/rails/engine.rb:535:in `call'
puma (7.2.0) lib/puma/configuration.rb:296:in `call'
puma (7.2.0) lib/puma/request.rb:103:in `block in handle_request'
puma (7.2.0) lib/puma/thread_pool.rb:355:in `with_force_shutdown'
puma (7.2.0) lib/puma/request.rb:102:in `handle_request'
puma (7.2.0) lib/puma/server.rb:503:in `process_client'
puma (7.2.0) lib/puma/server.rb:262:in `block in run'
puma (7.2.0) lib/puma/thread_pool.rb:182:in `block in spawn_thread'
  [1m[36mActiveRecord::InternalMetadata Load (0.7ms)[0m  [1m[34mSELECT * FROM "ar_internal_metadata" WHERE "ar_internal_metadata"."key" = 'environment' ORDER BY "ar_internal_metadata"."key" ASC LIMIT 1 /*application='WindsurfProject'*/[0m
  [1m[36mActiveRecord::InternalMetadata Create (0.6ms)[0m  [1m[32mINSERT INTO "ar_internal_metadata" ("key", "value", "created_at", "updated_at") VALUES ('environment', 'development', '2026-01-26 12:47:52.853013', '2026-01-26 12:47:52.853015') RETURNING "key" /*application='WindsurfProject'*/[0m
  [1m[36mActiveRecord::SchemaMigration Load (0.0ms)[0m  [1m[34mSELECT "schema_migrations"."version" FROM "schema_migrations" ORDER BY "schema_migrations"."version" ASC /*application='WindsurfProject'*/[0m
  [1m[36mActiveRecord::InternalMetadata Load (0.0ms)[0m  [1m[34mSELECT * FROM "ar_internal_metadata" WHERE "ar_internal_metadata"."key" = 'environment' ORDER BY "ar_internal_metadata"."key" ASC LIMIT 1 /*application='WindsurfProject'*/[0m
  [1m[36mActiveRecord::SchemaMigration Load (0.0ms)[0m  [1m[34mSELECT "schema_migrations"."version" FROM "schema_migrations" ORDER BY "schema_migrations"."version" ASC /*application='WindsurfProject'*/[0m
Migrating to CreateFlipperTables (20260126124932)
  [1m[36mTRANSACTION (0.0ms)[0m  [1m[35mBEGIN immediate TRANSACTION /*application='WindsurfProject'*/[0m
  [1m[35m (0.6ms)[0m  [1m[35mCREATE TABLE "flipper_features" ("id" integer PRIMARY KEY AUTOINCREMENT NOT NULL, "key" varchar NOT NULL, "created_at" datetime(6) NOT NULL, "updated_at" datetime(6) NOT NULL) /*application='WindsurfProject'*/[0m
  [1m[35m (0.0ms)[0m  [1m[35mCREATE UNIQUE INDEX "index_flipper_features_on_key" ON "flipper_features" ("key") /*application='WindsurfProject'*/[0m
  [1m[35m (0.0ms)[0m  [1m[35mCREATE TABLE "flipper_gates" ("id" integer PRIMARY KEY AUTOINCREMENT NOT NULL, "feature_key" varchar NOT NULL, "key" varchar NOT NULL, "value" text, "created_at" datetime(6) NOT NULL, "updated_at" datetime(6) NOT NULL) /*application='WindsurfProject'*/[0m
  [1m[35m (0.0ms)[0m  [1m[35mCREATE UNIQUE INDEX "index_flipper_gates_on_feature_key_and_key_and_value" ON "flipper_gates" ("feature_key", "key", "value") /*application='WindsurfProject'*/[0m
  [1m[36mActiveRecord::SchemaMigration Create (0.0ms)[0m  [1m[32mINSERT INTO "schema_migrations" ("version") VALUES ('20260126124932') RETURNING "version" /*application='WindsurfProject'*/[0m
  [1m[36mTRANSACTION (0.1ms)[0m  [1m[35mCOMMIT TRANSACTION /*application='WindsurfProject'*/[0m
  [1m[36mActiveRecord::SchemaMigration Load (0.0ms)[0m  [1m[34mSELECT "schema_migrations"."version" FROM "schema_migrations" ORDER BY "schema_migrations"."version" ASC /*application='WindsurfProject'*/[0m
Started GET "/" for ::1 at 2026-01-26 22:50:17 +1000
  [1m[36mActiveRecord::SchemaMigration Load (0.0ms)[0m  [1m[34mSELECT "schema_migrations"."version" FROM "schema_migrations" ORDER BY "schema_migrations"."version" ASC /*application='WindsurfProject'*/[0m
  [1m[35m (0.7ms)[0m  [1m[34mSELECT "flipper_features"."key" AS feature_key, "flipper_gates"."key", "flipper_gates"."value" FROM "flipper_features" LEFT OUTER JOIN "flipper_gates" ON "flipper_features"."key" = "flipper_gates"."feature_key" /*application='WindsurfProject'*/[0m
Processing by WelcomeController#index as HTML
  Rendering layout layouts/application.html.erb
  Rendering welcome/index.html.erb within layouts/application
  Rendered welcome/index.html.erb within layouts/application (Duration: 0.2ms | GC: 0.0ms)
  Rendered layout layouts/application.html.erb (Duration: 2.6ms | GC: 0.0ms)
Completed 200 OK in 24ms (Views: 5.2ms | ActiveRecord: 0.0ms (0 queries, 0 cached) | GC: 0.3ms)


Started GET "/icon.svg" for ::1 at 2026-01-26 22:50:17 +1000
  [1m[35m (0.2ms)[0m  [1m[34mSELECT "flipper_features"."key" AS feature_key, "flipper_gates"."key", "flipper_gates"."value" FROM "flipper_features" LEFT OUTER JOIN "flipper_gates" ON "flipper_features"."key" = "flipper_gates"."feature_key" /*application='WindsurfProject'*/[0m
  
ActionController::RoutingError (No route matches [GET] "/icon.svg"):
  
Started GET "/icon.png" for ::1 at 2026-01-26 22:50:17 +1000
  [1m[35m (0.1ms)[0m  [1m[34mSELECT "flipper_features"."key" AS feature_key, "flipper_gates"."key", "flipper_gates"."value" FROM "flipper_features" LEFT OUTER JOIN "flipper_gates" ON "flipper_features"."key" = "flipper_gates"."feature_key" /*application='WindsurfProject'*/[0m
  
ActionController::RoutingError (No route matches [GET] "/icon.png"):
  
  [1m[36mFlipper::Adapters::ActiveRecord::Gate Pluck (0.1ms)[0m  [1m[34mSELECT "flipper_gates"."key", "flipper_gates"."value" FROM "flipper_gates" WHERE "flipper_gates"."feature_key" = 'search' /*application='WindsurfProject'*/[0m
Started GET "/" for ::1 at 2026-01-26 22:51:02 +1000
  [1m[35m (0.2ms)[0m  [1m[34mSELECT "flipper_features"."key" AS feature_key, "flipper_gates"."key", "flipper_gates"."value" FROM "flipper_features" LEFT OUTER JOIN "flipper_gates" ON "flipper_features"."key" = "flipper_gates"."feature_key" /*application='WindsurfProject'*/[0m
Processing by WelcomeController#index as HTML
  Rendering layout layouts/application.html.erb
  Rendering welcome/index.html.erb within layouts/application
  Rendered welcome/index.html.erb within layouts/application (Duration: 0.1ms | GC: 0.0ms)
  Rendered layout layouts/application.html.erb (Duration: 0.9ms | GC: 0.0ms)
Completed 200 OK in 9ms (Views: 1.2ms | ActiveRecord: 0.0ms (0 queries, 0 cached) | GC: 0.0ms)


Started GET "/flipper" for ::1 at 2026-01-26 22:51:06 +1000
  [1m[35m (0.1ms)[0m  [1m[34mSELECT "flipper_features"."key" AS feature_key, "flipper_gates"."key", "flipper_gates"."value" FROM "flipper_features" LEFT OUTER JOIN "flipper_gates" ON "flipper_features"."key" = "flipper_gates"."feature_key" /*application='WindsurfProject'*/[0m
Started GET "/flipper/features" for ::1 at 2026-01-26 22:51:06 +1000
  [1m[35m (0.1ms)[0m  [1m[34mSELECT "flipper_features"."key" AS feature_key, "flipper_gates"."key", "flipper_gates"."value" FROM "flipper_features" LEFT OUTER JOIN "flipper_gates" ON "flipper_features"."key" = "flipper_gates"."feature_key" /*application='WindsurfProject'*/[0m
Started GET "/flipper/css/bootstrap.min.css?v=1769431866" for ::1 at 2026-01-26 22:51:06 +1000
Started GET "/flipper/css/application.css" for ::1 at 2026-01-26 22:51:06 +1000
Started GET "/flipper/images/logo.png" for ::1 at 2026-01-26 22:51:06 +1000
  [1m[35m (0.1ms)[0m  [1m[34mSELECT "flipper_features"."key" AS feature_key, "flipper_gates"."key", "flipper_gates"."value" FROM "flipper_features" LEFT OUTER JOIN "flipper_gates" ON "flipper_features"."key" = "flipper_gates"."feature_key" /*application='WindsurfProject'*/[0m
  [1m[35m (0.1ms)[0m  [1m[34mSELECT "flipper_features"."key" AS feature_key, "flipper_gates"."key", "flipper_gates"."value" FROM "flipper_features" LEFT OUTER JOIN "flipper_gates" ON "flipper_features"."key" = "flipper_gates"."feature_key" /*application='WindsurfProject'*/[0m
  [1m[35m (0.0ms)[0m  [1m[34mSELECT "flipper_features"."key" AS feature_key, "flipper_gates"."key", "flipper_gates"."value" FROM "flipper_features" LEFT OUTER JOIN "flipper_gates" ON "flipper_features"."key" = "flipper_gates"."feature_key" /*application='WindsurfProject'*/[0m
Started GET "/flipper/js/popper.min.js?v=1769431866" for ::1 at 2026-01-26 22:51:06 +1000
Started GET "/flipper/js/bootstrap.min.js?v=1769431866" for ::1 at 2026-01-26 22:51:06 +1000
Started GET "/flipper/js/application.js?v=1.3.6" for ::1 at 2026-01-26 22:51:06 +1000
  [1m[35m (0.1ms)[0m  [1m[34mSELECT "flipper_features"."key" AS feature_key, "flipper_gates"."key", "flipper_gates"."value" FROM "flipper_features" LEFT OUTER JOIN "flipper_gates" ON "flipper_features"."key" = "flipper_gates"."feature_key" /*application='WindsurfProject'*/[0m
  [1m[35m (0.1ms)[0m  [1m[34mSELECT "flipper_features"."key" AS feature_key, "flipper_gates"."key", "flipper_gates"."value" FROM "flipper_features" LEFT OUTER JOIN "flipper_gates" ON "flipper_features"."key" = "flipper_gates"."feature_key" /*application='WindsurfProject'*/[0m
  [1m[35m (0.1ms)[0m  [1m[34mSELECT "flipper_features"."key" AS feature_key, "flipper_gates"."key", "flipper_gates"."value" FROM "flipper_features" LEFT OUTER JOIN "flipper_gates" ON "flipper_features"."key" = "flipper_gates"."feature_key" /*application='WindsurfProject'*/[0m
Started GET "/flipper/js/version.js?v=1.3.6" for ::1 at 2026-01-26 22:51:06 +1000
  [1m[35m (0.1ms)[0m  [1m[34mSELECT "flipper_features"."key" AS feature_key, "flipper_gates"."key", "flipper_gates"."value" FROM "flipper_features" LEFT OUTER JOIN "flipper_gates" ON "flipper_features"."key" = "flipper_gates"."feature_key" /*application='WindsurfProject'*/[0m
Started GET "/flipper/features/new" for ::1 at 2026-01-26 22:51:11 +1000
  [1m[35m (0.4ms)[0m  [1m[34mSELECT "flipper_features"."key" AS feature_key, "flipper_gates"."key", "flipper_gates"."value" FROM "flipper_features" LEFT OUTER JOIN "flipper_gates" ON "flipper_features"."key" = "flipper_gates"."feature_key" /*application='WindsurfProject'*/[0m
Started GET "/flipper/js/popper.min.js?v=1769431871" for ::1 at 2026-01-26 22:51:11 +1000
Started GET "/flipper/images/logo.png" for ::1 at 2026-01-26 22:51:11 +1000
Started GET "/flipper/css/bootstrap.min.css?v=1769431871" for ::1 at 2026-01-26 22:51:11 +1000
  [1m[35m (0.1ms)[0m  [1m[34mSELECT "flipper_features"."key" AS feature_key, "flipper_gates"."key", "flipper_gates"."value" FROM "flipper_features" LEFT OUTER JOIN "flipper_gates" ON "flipper_features"."key" = "flipper_gates"."feature_key" /*application='WindsurfProject'*/[0m
  [1m[35m (0.1ms)[0m  [1m[34mSELECT "flipper_features"."key" AS feature_key, "flipper_gates"."key", "flipper_gates"."value" FROM "flipper_features" LEFT OUTER JOIN "flipper_gates" ON "flipper_features"."key" = "flipper_gates"."feature_key" /*application='WindsurfProject'*/[0m
  [1m[35m (0.1ms)[0m  [1m[34mSELECT "flipper_features"."key" AS feature_key, "flipper_gates"."key", "flipper_gates"."value" FROM "flipper_features" LEFT OUTER JOIN "flipper_gates" ON "flipper_features"."key" = "flipper_gates"."feature_key" /*application='WindsurfProject'*/[0m
Started GET "/flipper/css/application.css" for ::1 at 2026-01-26 22:51:11 +1000
Started GET "/flipper/js/bootstrap.min.js?v=1769431871" for ::1 at 2026-01-26 22:51:11 +1000
Started GET "/flipper/js/application.js?v=1.3.6" for ::1 at 2026-01-26 22:51:11 +1000
  [1m[35m (0.1ms)[0m  [1m[34mSELECT "flipper_features"."key" AS feature_key, "flipper_gates"."key", "flipper_gates"."value" FROM "flipper_features" LEFT OUTER JOIN "flipper_gates" ON "flipper_features"."key" = "flipper_gates"."feature_key" /*application='WindsurfProject'*/[0m
  [1m[35m (0.0ms)[0m  [1m[34mSELECT "flipper_features"."key" AS feature_key, "flipper_gates"."key", "flipper_gates"."value" FROM "flipper_features" LEFT OUTER JOIN "flipper_gates" ON "flipper_features"."key" = "flipper_gates"."feature_key" /*application='WindsurfProject'*/[0m
  [1m[35m (0.1ms)[0m  [1m[34mSELECT "flipper_features"."key" AS feature_key, "flipper_gates"."key", "flipper_gates"."value" FROM "flipper_features" LEFT OUTER JOIN "flipper_gates" ON "flipper_features"."key" = "flipper_gates"."feature_key" /*application='WindsurfProject'*/[0m
Started GET "/flipper/js/version.js?v=1.3.6" for ::1 at 2026-01-26 22:51:11 +1000
  [1m[35m (0.1ms)[0m  [1m[34mSELECT "flipper_features"."key" AS feature_key, "flipper_gates"."key", "flipper_gates"."value" FROM "flipper_features" LEFT OUTER JOIN "flipper_gates" ON "flipper_features"."key" = "flipper_gates"."feature_key" /*application='WindsurfProject'*/[0m
Started GET "/flipper/features" for ::1 at 2026-01-26 22:51:51 +1000
  [1m[35m (0.6ms)[0m  [1m[34mSELECT "flipper_features"."key" AS feature_key, "flipper_gates"."key", "flipper_gates"."value" FROM "flipper_features" LEFT OUTER JOIN "flipper_gates" ON "flipper_features"."key" = "flipper_gates"."feature_key" /*application='WindsurfProject'*/[0m
Started GET "/flipper/css/bootstrap.min.css?v=1769431911" for ::1 at 2026-01-26 22:51:51 +1000
Started GET "/flipper/images/logo.png" for ::1 at 2026-01-26 22:51:51 +1000
Started GET "/flipper/css/application.css" for ::1 at 2026-01-26 22:51:51 +1000
  [1m[35m (0.1ms)[0m  [1m[34mSELECT "flipper_features"."key" AS feature_key, "flipper_gates"."key", "flipper_gates"."value" FROM "flipper_features" LEFT OUTER JOIN "flipper_gates" ON "flipper_features"."key" = "flipper_gates"."feature_key" /*application='WindsurfProject'*/[0m
  [1m[35m (0.0ms)[0m  [1m[34mSELECT "flipper_features"."key" AS feature_key, "flipper_gates"."key", "flipper_gates"."value" FROM "flipper_features" LEFT OUTER JOIN "flipper_gates" ON "flipper_features"."key" = "flipper_gates"."feature_key" /*application='WindsurfProject'*/[0m
  [1m[35m (0.0ms)[0m  [1m[34mSELECT "flipper_features"."key" AS feature_key, "flipper_gates"."key", "flipper_gates"."value" FROM "flipper_features" LEFT OUTER JOIN "flipper_gates" ON "flipper_features"."key" = "flipper_gates"."feature_key" /*application='WindsurfProject'*/[0m
Started GET "/flipper/js/popper.min.js?v=1769431911" for ::1 at 2026-01-26 22:51:51 +1000
Started GET "/flipper/js/bootstrap.min.js?v=1769431911" for ::1 at 2026-01-26 22:51:51 +1000
Started GET "/flipper/js/application.js?v=1.3.6" for ::1 at 2026-01-26 22:51:51 +1000
  [1m[35m (0.1ms)[0m  [1m[34mSELECT "flipper_features"."key" AS feature_key, "flipper_gates"."key", "flipper_gates"."value" FROM "flipper_features" LEFT OUTER JOIN "flipper_gates" ON "flipper_features"."key" = "flipper_gates"."feature_key" /*application='WindsurfProject'*/[0m
  [1m[35m (0.0ms)[0m  [1m[34mSELECT "flipper_features"."key" AS feature_key, "flipper_gates"."key", "flipper_gates"."value" FROM "flipper_features" LEFT OUTER JOIN "flipper_gates" ON "flipper_features"."key" = "flipper_gates"."feature_key" /*application='WindsurfProject'*/[0m
  [1m[35m (0.0ms)[0m  [1m[34mSELECT "flipper_features"."key" AS feature_key, "flipper_gates"."key", "flipper_gates"."value" FROM "flipper_features" LEFT OUTER JOIN "flipper_gates" ON "flipper_features"."key" = "flipper_gates"."feature_key" /*application='WindsurfProject'*/[0m
Started GET "/flipper/js/version.js?v=1.3.6" for ::1 at 2026-01-26 22:51:51 +1000
  [1m[35m (0.1ms)[0m  [1m[34mSELECT "flipper_features"."key" AS feature_key, "flipper_gates"."key", "flipper_gates"."value" FROM "flipper_features" LEFT OUTER JOIN "flipper_gates" ON "flipper_features"."key" = "flipper_gates"."feature_key" /*application='WindsurfProject'*/[0m
Started GET "/" for ::1 at 2026-01-26 22:51:52 +1000
  [1m[35m (0.2ms)[0m  [1m[34mSELECT "flipper_features"."key" AS feature_key, "flipper_gates"."key", "flipper_gates"."value" FROM "flipper_features" LEFT OUTER JOIN "flipper_gates" ON "flipper_features"."key" = "flipper_gates"."feature_key" /*application='WindsurfProject'*/[0m
Processing by WelcomeController#index as HTML
  Rendering layout layouts/application.html.erb
  Rendering welcome/index.html.erb within layouts/application
  [1m[36mFlipper::Adapters::ActiveRecord::Gate Pluck (0.1ms)[0m  [1m[34mSELECT "flipper_gates"."key", "flipper_gates"."value" FROM "flipper_gates" WHERE "flipper_gates"."feature_key" = 'search' /*action='index',application='WindsurfProject',controller='welcome'*/[0m
  ↳ app/views/welcome/index.html.erb:4
  Rendered welcome/index.html.erb within layouts/application (Duration: 11.2ms | GC: 0.1ms)
  Rendered layout layouts/application.html.erb (Duration: 11.9ms | GC: 0.1ms)
Completed 200 OK in 21ms (Views: 12.4ms | ActiveRecord: 0.2ms (1 query, 0 cached) | GC: 0.3ms)


Started GET "/" for ::1 at 2026-01-26 22:51:54 +1000
  [1m[35m (0.3ms)[0m  [1m[34mSELECT "flipper_features"."key" AS feature_key, "flipper_gates"."key", "flipper_gates"."value" FROM "flipper_features" LEFT OUTER JOIN "flipper_gates" ON "flipper_features"."key" = "flipper_gates"."feature_key" /*application='WindsurfProject'*/[0m
Processing by WelcomeController#index as HTML
  Rendering layout layouts/application.html.erb
  Rendering welcome/index.html.erb within layouts/application
  [1m[36mFlipper::Adapters::ActiveRecord::Gate Pluck (0.1ms)[0m  [1m[34mSELECT "flipper_gates"."key", "flipper_gates"."value" FROM "flipper_gates" WHERE "flipper_gates"."feature_key" = 'search' /*action='index',application='WindsurfProject',controller='welcome'*/[0m
  ↳ app/views/welcome/index.html.erb:4
  Rendered welcome/index.html.erb within layouts/application (Duration: 0.9ms | GC: 0.0ms)
  Rendered layout layouts/application.html.erb (Duration: 1.5ms | GC: 0.0ms)
Completed 200 OK in 10ms (Views: 1.6ms | ActiveRecord: 0.1ms (1 query, 0 cached) | GC: 0.0ms)


Started GET "/" for ::1 at 2026-01-26 22:52:05 +1000
  [1m[35m (0.6ms)[0m  [1m[34mSELECT "flipper_features"."key" AS feature_key, "flipper_gates"."key", "flipper_gates"."value" FROM "flipper_features" LEFT OUTER JOIN "flipper_gates" ON "flipper_features"."key" = "flipper_gates"."feature_key" /*application='WindsurfProject'*/[0m
Processing by WelcomeController#index as HTML
  Rendering layout layouts/application.html.erb
  Rendering welcome/index.html.erb within layouts/application
  [1m[36mFlipper::Adapters::ActiveRecord::Gate Pluck (0.1ms)[0m  [1m[34mSELECT "flipper_gates"."key", "flipper_gates"."value" FROM "flipper_gates" WHERE "flipper_gates"."feature_key" = 'search' /*action='index',application='WindsurfProject',controller='welcome'*/[0m
  ↳ app/views/welcome/index.html.erb:4
  Rendered welcome/index.html.erb within layouts/application (Duration: 1.1ms | GC: 0.0ms)
  Rendered layout layouts/application.html.erb (Duration: 2.1ms | GC: 0.0ms)
Completed 200 OK in 8ms (Views: 2.7ms | ActiveRecord: 0.1ms (1 query, 0 cached) | GC: 0.0ms)


Started GET "/" for ::1 at 2026-01-26 22:52:11 +1000
  [1m[35m (0.7ms)[0m  [1m[34mSELECT "flipper_features"."key" AS feature_key, "flipper_gates"."key", "flipper_gates"."value" FROM "flipper_features" LEFT OUTER JOIN "flipper_gates" ON "flipper_features"."key" = "flipper_gates"."feature_key" /*application='WindsurfProject'*/[0m
Processing by WelcomeController#index as HTML
  Rendering layout layouts/application.html.erb
  Rendering welcome/index.html.erb within layouts/application
  [1m[36mFlipper::Adapters::ActiveRecord::Gate Pluck (0.1ms)[0m  [1m[34mSELECT "flipper_gates"."key", "flipper_gates"."value" FROM "flipper_gates" WHERE "flipper_gates"."feature_key" = 'search' /*action='index',application='WindsurfProject',controller='welcome'*/[0m
  ↳ app/views/welcome/index.html.erb:4
  Rendered welcome/index.html.erb within layouts/application (Duration: 1.3ms | GC: 0.0ms)
  Rendered layout layouts/application.html.erb (Duration: 4.1ms | GC: 1.9ms)
Completed 200 OK in 12ms (Views: 4.9ms | ActiveRecord: 0.1ms (1 query, 0 cached) | GC: 1.9ms)


Started GET "/flipper" for ::1 at 2026-01-26 22:52:20 +1000
  [1m[35m (0.2ms)[0m  [1m[34mSELECT "flipper_features"."key" AS feature_key, "flipper_gates"."key", "flipper_gates"."value" FROM "flipper_features" LEFT OUTER JOIN "flipper_gates" ON "flipper_features"."key" = "flipper_gates"."feature_key" /*application='WindsurfProject'*/[0m
Started GET "/flipper/features" for ::1 at 2026-01-26 22:52:20 +1000
  [1m[35m (0.1ms)[0m  [1m[34mSELECT "flipper_features"."key" AS feature_key, "flipper_gates"."key", "flipper_gates"."value" FROM "flipper_features" LEFT OUTER JOIN "flipper_gates" ON "flipper_features"."key" = "flipper_gates"."feature_key" /*application='WindsurfProject'*/[0m
Started GET "/flipper/css/bootstrap.min.css?v=1769431940" for ::1 at 2026-01-26 22:52:20 +1000
Started GET "/flipper/css/application.css" for ::1 at 2026-01-26 22:52:20 +1000
Started GET "/flipper/images/logo.png" for ::1 at 2026-01-26 22:52:20 +1000
  [1m[35m (0.1ms)[0m  [1m[34mSELECT "flipper_features"."key" AS feature_key, "flipper_gates"."key", "flipper_gates"."value" FROM "flipper_features" LEFT OUTER JOIN "flipper_gates" ON "flipper_features"."key" = "flipper_gates"."feature_key" /*application='WindsurfProject'*/[0m
  [1m[35m (0.1ms)[0m  [1m[34mSELECT "flipper_features"."key" AS feature_key, "flipper_gates"."key", "flipper_gates"."value" FROM "flipper_features" LEFT OUTER JOIN "flipper_gates" ON "flipper_features"."key" = "flipper_gates"."feature_key" /*application='WindsurfProject'*/[0m
  [1m[35m (0.2ms)[0m  [1m[34mSELECT "flipper_features"."key" AS feature_key, "flipper_gates"."key", "flipper_gates"."value" FROM "flipper_features" LEFT OUTER JOIN "flipper_gates" ON "flipper_features"."key" = "flipper_gates"."feature_key" /*application='WindsurfProject'*/[0m
Started GET "/flipper/js/popper.min.js?v=1769431940" for ::1 at 2026-01-26 22:52:20 +1000
Started GET "/flipper/js/bootstrap.min.js?v=1769431940" for ::1 at 2026-01-26 22:52:20 +1000
Started GET "/flipper/js/application.js?v=1.3.6" for ::1 at 2026-01-26 22:52:20 +1000
  [1m[35m (0.1ms)[0m  [1m[34mSELECT "flipper_features"."key" AS feature_key, "flipper_gates"."key", "flipper_gates"."value" FROM "flipper_features" LEFT OUTER JOIN "flipper_gates" ON "flipper_features"."key" = "flipper_gates"."feature_key" /*application='WindsurfProject'*/[0m
  [1m[35m (0.0ms)[0m  [1m[34mSELECT "flipper_features"."key" AS feature_key, "flipper_gates"."key", "flipper_gates"."value" FROM "flipper_features" LEFT OUTER JOIN "flipper_gates" ON "flipper_features"."key" = "flipper_gates"."feature_key" /*application='WindsurfProject'*/[0m
  [1m[35m (0.0ms)[0m  [1m[34mSELECT "flipper_features"."key" AS feature_key, "flipper_gates"."key", "flipper_gates"."value" FROM "flipper_features" LEFT OUTER JOIN "flipper_gates" ON "flipper_features"."key" = "flipper_gates"."feature_key" /*application='WindsurfProject'*/[0m
Started GET "/flipper/js/version.js?v=1.3.6" for ::1 at 2026-01-26 22:52:20 +1000
  [1m[35m (0.1ms)[0m  [1m[34mSELECT "flipper_features"."key" AS feature_key, "flipper_gates"."key", "flipper_gates"."value" FROM "flipper_features" LEFT OUTER JOIN "flipper_gates" ON "flipper_features"."key" = "flipper_gates"."feature_key" /*application='WindsurfProject'*/[0m
Started GET "/flipper/settings" for ::1 at 2026-01-26 22:52:22 +1000
  [1m[35m (0.3ms)[0m  [1m[34mSELECT "flipper_features"."key" AS feature_key, "flipper_gates"."key", "flipper_gates"."value" FROM "flipper_features" LEFT OUTER JOIN "flipper_gates" ON "flipper_features"."key" = "flipper_gates"."feature_key" /*application='WindsurfProject'*/[0m
Started GET "/flipper/css/bootstrap.min.css?v=1769431942" for ::1 at 2026-01-26 22:52:22 +1000
Started GET "/flipper/js/popper.min.js?v=1769431942" for ::1 at 2026-01-26 22:52:22 +1000
Started GET "/flipper/css/application.css" for ::1 at 2026-01-26 22:52:22 +1000
  [1m[35m (0.1ms)[0m  [1m[34mSELECT "flipper_features"."key" AS feature_key, "flipper_gates"."key", "flipper_gates"."value" FROM "flipper_features" LEFT OUTER JOIN "flipper_gates" ON "flipper_features"."key" = "flipper_gates"."feature_key" /*application='WindsurfProject'*/[0m
  [1m[35m (0.1ms)[0m  [1m[34mSELECT "flipper_features"."key" AS feature_key, "flipper_gates"."key", "flipper_gates"."value" FROM "flipper_features" LEFT OUTER JOIN "flipper_gates" ON "flipper_features"."key" = "flipper_gates"."feature_key" /*application='WindsurfProject'*/[0m
  [1m[35m (0.0ms)[0m  [1m[34mSELECT "flipper_features"."key" AS feature_key, "flipper_gates"."key", "flipper_gates"."value" FROM "flipper_features" LEFT OUTER JOIN "flipper_gates" ON "flipper_features"."key" = "flipper_gates"."feature_key" /*application='WindsurfProject'*/[0m
Started GET "/flipper/images/logo.png" for ::1 at 2026-01-26 22:52:22 +1000
Started GET "/flipper/js/bootstrap.min.js?v=1769431942" for ::1 at 2026-01-26 22:52:22 +1000
Started GET "/flipper/js/application.js?v=1.3.6" for ::1 at 2026-01-26 22:52:22 +1000
  [1m[35m (0.1ms)[0m  [1m[34mSELECT "flipper_features"."key" AS feature_key, "flipper_gates"."key", "flipper_gates"."value" FROM "flipper_features" LEFT OUTER JOIN "flipper_gates" ON "flipper_features"."key" = "flipper_gates"."feature_key" /*application='WindsurfProject'*/[0m
  [1m[35m (0.1ms)[0m  [1m[34mSELECT "flipper_features"."key" AS feature_key, "flipper_gates"."key", "flipper_gates"."value" FROM "flipper_features" LEFT OUTER JOIN "flipper_gates" ON "flipper_features"."key" = "flipper_gates"."feature_key" /*application='WindsurfProject'*/[0m
  [1m[35m (0.0ms)[0m  [1m[34mSELECT "flipper_features"."key" AS feature_key, "flipper_gates"."key", "flipper_gates"."value" FROM "flipper_features" LEFT OUTER JOIN "flipper_gates" ON "flipper_features"."key" = "flipper_gates"."feature_key" /*application='WindsurfProject'*/[0m
Started GET "/flipper/js/version.js?v=1.3.6" for ::1 at 2026-01-26 22:52:22 +1000
  [1m[35m (0.1ms)[0m  [1m[34mSELECT "flipper_features"."key" AS feature_key, "flipper_gates"."key", "flipper_gates"."value" FROM "flipper_features" LEFT OUTER JOIN "flipper_gates" ON "flipper_features"."key" = "flipper_gates"."feature_key" /*application='WindsurfProject'*/[0m
Started GET "/flipper/features" for ::1 at 2026-01-26 22:52:24 +1000
  [1m[35m (0.4ms)[0m  [1m[34mSELECT "flipper_features"."key" AS feature_key, "flipper_gates"."key", "flipper_gates"."value" FROM "flipper_features" LEFT OUTER JOIN "flipper_gates" ON "flipper_features"."key" = "flipper_gates"."feature_key" /*application='WindsurfProject'*/[0m
Started GET "/flipper/css/bootstrap.min.css?v=1769431944" for ::1 at 2026-01-26 22:52:24 +1000
Started GET "/flipper/js/popper.min.js?v=1769431944" for ::1 at 2026-01-26 22:52:24 +1000
Started GET "/flipper/images/logo.png" for ::1 at 2026-01-26 22:52:24 +1000
  [1m[35m (0.1ms)[0m  [1m[34mSELECT "flipper_features"."key" AS feature_key, "flipper_gates"."key", "flipper_gates"."value" FROM "flipper_features" LEFT OUTER JOIN "flipper_gates" ON "flipper_features"."key" = "flipper_gates"."feature_key" /*application='WindsurfProject'*/[0m
  [1m[35m (0.1ms)[0m  [1m[34mSELECT "flipper_features"."key" AS feature_key, "flipper_gates"."key", "flipper_gates"."value" FROM "flipper_features" LEFT OUTER JOIN "flipper_gates" ON "flipper_features"."key" = "flipper_gates"."feature_key" /*application='WindsurfProject'*/[0m
  [1m[35m (0.1ms)[0m  [1m[34mSELECT "flipper_features"."key" AS feature_key, "flipper_gates"."key", "flipper_gates"."value" FROM "flipper_features" LEFT OUTER JOIN "flipper_gates" ON "flipper_features"."key" = "flipper_gates"."feature_key" /*application='WindsurfProject'*/[0m
Started GET "/flipper/css/application.css" for ::1 at 2026-01-26 22:52:24 +1000
Started GET "/flipper/js/bootstrap.min.js?v=1769431944" for ::1 at 2026-01-26 22:52:24 +1000
Started GET "/flipper/js/application.js?v=1.3.6" for ::1 at 2026-01-26 22:52:24 +1000
  [1m[35m (0.1ms)[0m  [1m[34mSELECT "flipper_features"."key" AS feature_key, "flipper_gates"."key", "flipper_gates"."value" FROM "flipper_features" LEFT OUTER JOIN "flipper_gates" ON "flipper_features"."key" = "flipper_gates"."feature_key" /*application='WindsurfProject'*/[0m
  [1m[35m (0.0ms)[0m  [1m[34mSELECT "flipper_features"."key" AS feature_key, "flipper_gates"."key", "flipper_gates"."value" FROM "flipper_features" LEFT OUTER JOIN "flipper_gates" ON "flipper_features"."key" = "flipper_gates"."feature_key" /*application='WindsurfProject'*/[0m
  [1m[35m (0.1ms)[0m  [1m[34mSELECT "flipper_features"."key" AS feature_key, "flipper_gates"."key", "flipper_gates"."value" FROM "flipper_features" LEFT OUTER JOIN "flipper_gates" ON "flipper_features"."key" = "flipper_gates"."feature_key" /*application='WindsurfProject'*/[0m
Started GET "/flipper/js/version.js?v=1.3.6" for ::1 at 2026-01-26 22:52:24 +1000
  [1m[35m (0.1ms)[0m  [1m[34mSELECT "flipper_features"."key" AS feature_key, "flipper_gates"."key", "flipper_gates"."value" FROM "flipper_features" LEFT OUTER JOIN "flipper_gates" ON "flipper_features"."key" = "flipper_gates"."feature_key" /*application='WindsurfProject'*/[0m
  [1m[36mFlipper::Adapters::ActiveRecord::Gate Pluck (0.5ms)[0m  [1m[34mSELECT "flipper_gates"."key", "flipper_gates"."value" FROM "flipper_gates" WHERE "flipper_gates"."feature_key" = 'search' /*application='WindsurfProject'*/[0m
  [1m[36mTRANSACTION (0.2ms)[0m  [1m[35mBEGIN immediate TRANSACTION /*application='WindsurfProject'*/[0m
  [1m[36mFlipper::Adapters::ActiveRecord::Feature Exists? (0.2ms)[0m  [1m[34mSELECT 1 AS one FROM "flipper_features" WHERE "flipper_features"."key" = 'search' LIMIT 1 /*application='WindsurfProject'*/[0m
  [1m[36mFlipper::Adapters::ActiveRecord::Feature Create (2.6ms)[0m  [1m[32mINSERT INTO "flipper_features" ("key", "created_at", "updated_at") VALUES ('search', '2026-01-26 12:53:08.858021', '2026-01-26 12:53:08.858021') RETURNING "id" /*application='WindsurfProject'*/[0m
  [1m[36mTRANSACTION (0.7ms)[0m  [1m[35mCOMMIT TRANSACTION /*application='WindsurfProject'*/[0m
  [1m[36mTRANSACTION (3.1ms)[0m  [1m[35mBEGIN immediate TRANSACTION /*application='WindsurfProject'*/[0m
  [1m[36mFlipper::Adapters::ActiveRecord::Gate Load (3.4ms)[0m  [1m[34mSELECT "flipper_gates".* FROM "flipper_gates" WHERE "flipper_gates"."feature_key" = 'search' /*application='WindsurfProject'*/[0m
  [1m[36mFlipper::Adapters::ActiveRecord::Gate Load (0.2ms)[0m  [1m[34mSELECT "flipper_gates".* FROM "flipper_gates" WHERE "flipper_gates"."feature_key" = 'search' AND "flipper_gates"."key" = 'boolean' /*application='WindsurfProject'*/[0m
  [1m[36mFlipper::Adapters::ActiveRecord::Gate Create (0.1ms)[0m  [1m[32mINSERT INTO "flipper_gates" ("feature_key", "key", "value", "created_at", "updated_at") VALUES ('search', 'boolean', 'true', '2026-01-26 12:53:08.876396', '2026-01-26 12:53:08.876396') RETURNING "id" /*application='WindsurfProject'*/[0m
  [1m[36mTRANSACTION (0.1ms)[0m  [1m[35mCOMMIT TRANSACTION /*application='WindsurfProject'*/[0m
Started GET "/" for ::1 at 2026-01-26 22:53:12 +1000
  [1m[35m (0.2ms)[0m  [1m[34mSELECT "flipper_features"."key" AS feature_key, "flipper_gates"."key", "flipper_gates"."value" FROM "flipper_features" LEFT OUTER JOIN "flipper_gates" ON "flipper_features"."key" = "flipper_gates"."feature_key" /*application='WindsurfProject'*/[0m
Processing by WelcomeController#index as HTML
  Rendering layout layouts/application.html.erb
  Rendering welcome/index.html.erb within layouts/application
  Rendered welcome/index.html.erb within layouts/application (Duration: 0.2ms | GC: 0.0ms)
  Rendered layout layouts/application.html.erb (Duration: 1.1ms | GC: 0.0ms)
Completed 200 OK in 10ms (Views: 1.6ms | ActiveRecord: 0.0ms (0 queries, 0 cached) | GC: 0.0ms)


Started GET "/" for ::1 at 2026-01-26 22:53:23 +1000
  [1m[35m (0.2ms)[0m  [1m[34mSELECT "flipper_features"."key" AS feature_key, "flipper_gates"."key", "flipper_gates"."value" FROM "flipper_features" LEFT OUTER JOIN "flipper_gates" ON "flipper_features"."key" = "flipper_gates"."feature_key" /*application='WindsurfProject'*/[0m
Processing by WelcomeController#index as HTML
  Rendering layout layouts/application.html.erb
  Rendering welcome/index.html.erb within layouts/application
  Rendered welcome/index.html.erb within layouts/application (Duration: 0.1ms | GC: 0.0ms)
  Rendered layout layouts/application.html.erb (Duration: 0.7ms | GC: 0.0ms)
Completed 200 OK in 6ms (Views: 0.9ms | ActiveRecord: 0.0ms (0 queries, 0 cached) | GC: 0.0ms)


Started GET "/flipper" for ::1 at 2026-01-26 22:53:27 +1000
  [1m[35m (0.2ms)[0m  [1m[34mSELECT "flipper_features"."key" AS feature_key, "flipper_gates"."key", "flipper_gates"."value" FROM "flipper_features" LEFT OUTER JOIN "flipper_gates" ON "flipper_features"."key" = "flipper_gates"."feature_key" /*application='WindsurfProject'*/[0m
Started GET "/flipper/features" for ::1 at 2026-01-26 22:53:27 +1000
  [1m[35m (0.1ms)[0m  [1m[34mSELECT "flipper_features"."key" AS feature_key, "flipper_gates"."key", "flipper_gates"."value" FROM "flipper_features" LEFT OUTER JOIN "flipper_gates" ON "flipper_features"."key" = "flipper_gates"."feature_key" /*application='WindsurfProject'*/[0m
Started GET "/flipper/css/bootstrap.min.css?v=1769432007" for ::1 at 2026-01-26 22:53:27 +1000
Started GET "/flipper/js/popper.min.js?v=1769432007" for ::1 at 2026-01-26 22:53:27 +1000
Started GET "/flipper/css/application.css" for ::1 at 2026-01-26 22:53:27 +1000
  [1m[35m (0.1ms)[0m  [1m[34mSELECT "flipper_features"."key" AS feature_key, "flipper_gates"."key", "flipper_gates"."value" FROM "flipper_features" LEFT OUTER JOIN "flipper_gates" ON "flipper_features"."key" = "flipper_gates"."feature_key" /*application='WindsurfProject'*/[0m
  [1m[35m (0.1ms)[0m  [1m[34mSELECT "flipper_features"."key" AS feature_key, "flipper_gates"."key", "flipper_gates"."value" FROM "flipper_features" LEFT OUTER JOIN "flipper_gates" ON "flipper_features"."key" = "flipper_gates"."feature_key" /*application='WindsurfProject'*/[0m
  [1m[35m (0.0ms)[0m  [1m[34mSELECT "flipper_features"."key" AS feature_key, "flipper_gates"."key", "flipper_gates"."value" FROM "flipper_features" LEFT OUTER JOIN "flipper_gates" ON "flipper_features"."key" = "flipper_gates"."feature_key" /*application='WindsurfProject'*/[0m
Started GET "/flipper/images/logo.png" for ::1 at 2026-01-26 22:53:27 +1000
Started GET "/flipper/js/bootstrap.min.js?v=1769432007" for ::1 at 2026-01-26 22:53:27 +1000
Started GET "/flipper/js/application.js?v=1.3.6" for ::1 at 2026-01-26 22:53:27 +1000
  [1m[35m (0.1ms)[0m  [1m[34mSELECT "flipper_features"."key" AS feature_key, "flipper_gates"."key", "flipper_gates"."value" FROM "flipper_features" LEFT OUTER JOIN "flipper_gates" ON "flipper_features"."key" = "flipper_gates"."feature_key" /*application='WindsurfProject'*/[0m
  [1m[35m (0.1ms)[0m  [1m[34mSELECT "flipper_features"."key" AS feature_key, "flipper_gates"."key", "flipper_gates"."value" FROM "flipper_features" LEFT OUTER JOIN "flipper_gates" ON "flipper_features"."key" = "flipper_gates"."feature_key" /*application='WindsurfProject'*/[0m
  [1m[35m (0.0ms)[0m  [1m[34mSELECT "flipper_features"."key" AS feature_key, "flipper_gates"."key", "flipper_gates"."value" FROM "flipper_features" LEFT OUTER JOIN "flipper_gates" ON "flipper_features"."key" = "flipper_gates"."feature_key" /*application='WindsurfProject'*/[0m
Started GET "/flipper/js/version.js?v=1.3.6" for ::1 at 2026-01-26 22:53:27 +1000
  [1m[35m (0.1ms)[0m  [1m[34mSELECT "flipper_features"."key" AS feature_key, "flipper_gates"."key", "flipper_gates"."value" FROM "flipper_features" LEFT OUTER JOIN "flipper_gates" ON "flipper_features"."key" = "flipper_gates"."feature_key" /*application='WindsurfProject'*/[0m
Started GET "/flipper/features/search" for ::1 at 2026-01-26 22:53:29 +1000
  [1m[35m (0.5ms)[0m  [1m[34mSELECT "flipper_features"."key" AS feature_key, "flipper_gates"."key", "flipper_gates"."value" FROM "flipper_features" LEFT OUTER JOIN "flipper_gates" ON "flipper_features"."key" = "flipper_gates"."feature_key" /*application='WindsurfProject'*/[0m
Started GET "/flipper/css/bootstrap.min.css?v=1769432009" for ::1 at 2026-01-26 22:53:29 +1000
Started GET "/flipper/css/application.css" for ::1 at 2026-01-26 22:53:29 +1000
Started GET "/flipper/js/popper.min.js?v=1769432009" for ::1 at 2026-01-26 22:53:29 +1000
  [1m[35m (0.2ms)[0m  [1m[34mSELECT "flipper_features"."key" AS feature_key, "flipper_gates"."key", "flipper_gates"."value" FROM "flipper_features" LEFT OUTER JOIN "flipper_gates" ON "flipper_features"."key" = "flipper_gates"."feature_key" /*application='WindsurfProject'*/[0m
  [1m[35m (0.1ms)[0m  [1m[34mSELECT "flipper_features"."key" AS feature_key, "flipper_gates"."key", "flipper_gates"."value" FROM "flipper_features" LEFT OUTER JOIN "flipper_gates" ON "flipper_features"."key" = "flipper_gates"."feature_key" /*application='WindsurfProject'*/[0m
  [1m[35m (0.1ms)[0m  [1m[34mSELECT "flipper_features"."key" AS feature_key, "flipper_gates"."key", "flipper_gates"."value" FROM "flipper_features" LEFT OUTER JOIN "flipper_gates" ON "flipper_features"."key" = "flipper_gates"."feature_key" /*application='WindsurfProject'*/[0m
Started GET "/flipper/images/logo.png" for ::1 at 2026-01-26 22:53:29 +1000
Started GET "/flipper/js/bootstrap.min.js?v=1769432009" for ::1 at 2026-01-26 22:53:29 +1000
Started GET "/flipper/js/application.js?v=1.3.6" for ::1 at 2026-01-26 22:53:29 +1000
  [1m[35m (0.1ms)[0m  [1m[34mSELECT "flipper_features"."key" AS feature_key, "flipper_gates"."key", "flipper_gates"."value" FROM "flipper_features" LEFT OUTER JOIN "flipper_gates" ON "flipper_features"."key" = "flipper_gates"."feature_key" /*application='WindsurfProject'*/[0m
  [1m[35m (0.1ms)[0m  [1m[34mSELECT "flipper_features"."key" AS feature_key, "flipper_gates"."key", "flipper_gates"."value" FROM "flipper_features" LEFT OUTER JOIN "flipper_gates" ON "flipper_features"."key" = "flipper_gates"."feature_key" /*application='WindsurfProject'*/[0m
  [1m[35m (0.0ms)[0m  [1m[34mSELECT "flipper_features"."key" AS feature_key, "flipper_gates"."key", "flipper_gates"."value" FROM "flipper_features" LEFT OUTER JOIN "flipper_gates" ON "flipper_features"."key" = "flipper_gates"."feature_key" /*application='WindsurfProject'*/[0m
Started GET "/flipper/js/version.js?v=1.3.6" for ::1 at 2026-01-26 22:53:29 +1000
  [1m[35m (0.1ms)[0m  [1m[34mSELECT "flipper_features"."key" AS feature_key, "flipper_gates"."key", "flipper_gates"."value" FROM "flipper_features" LEFT OUTER JOIN "flipper_gates" ON "flipper_features"."key" = "flipper_gates"."feature_key" /*application='WindsurfProject'*/[0m
Started POST "/flipper/features/search/boolean" for ::1 at 2026-01-26 22:53:39 +1000
  [1m[35m (0.1ms)[0m  [1m[34mSELECT "flipper_features"."key" AS feature_key, "flipper_gates"."key", "flipper_gates"."value" FROM "flipper_features" LEFT OUTER JOIN "flipper_gates" ON "flipper_features"."key" = "flipper_gates"."feature_key" /*application='WindsurfProject'*/[0m
  [1m[36mTRANSACTION (0.0ms)[0m  [1m[35mBEGIN immediate TRANSACTION /*application='WindsurfProject'*/[0m
  [1m[36mFlipper::Adapters::ActiveRecord::Feature Exists? (0.0ms)[0m  [1m[34mSELECT 1 AS one FROM "flipper_features" WHERE "flipper_features"."key" = 'search' LIMIT 1 /*application='WindsurfProject'*/[0m
  [1m[36mTRANSACTION (0.0ms)[0m  [1m[35mCOMMIT TRANSACTION /*application='WindsurfProject'*/[0m
  [1m[36mFlipper::Adapters::ActiveRecord::Gate Load (0.1ms)[0m  [1m[34mSELECT "flipper_gates".* FROM "flipper_gates" WHERE "flipper_gates"."feature_key" = 'search' /*application='WindsurfProject'*/[0m
  [1m[36mTRANSACTION (0.0ms)[0m  [1m[35mBEGIN immediate TRANSACTION /*application='WindsurfProject'*/[0m
  [1m[36mFlipper::Adapters::ActiveRecord::Gate Destroy (0.8ms)[0m  [1m[31mDELETE FROM "flipper_gates" WHERE "flipper_gates"."id" = 1 /*application='WindsurfProject'*/[0m
  [1m[36mTRANSACTION (0.1ms)[0m  [1m[35mCOMMIT TRANSACTION /*application='WindsurfProject'*/[0m
Started GET "/flipper/features/search" for ::1 at 2026-01-26 22:53:39 +1000
  [1m[35m (0.1ms)[0m  [1m[34mSELECT "flipper_features"."key" AS feature_key, "flipper_gates"."key", "flipper_gates"."value" FROM "flipper_features" LEFT OUTER JOIN "flipper_gates" ON "flipper_features"."key" = "flipper_gates"."feature_key" /*application='WindsurfProject'*/[0m
Started GET "/flipper/css/bootstrap.min.css?v=1769432019" for ::1 at 2026-01-26 22:53:39 +1000
Started GET "/flipper/js/popper.min.js?v=1769432019" for ::1 at 2026-01-26 22:53:39 +1000
Started GET "/flipper/images/logo.png" for ::1 at 2026-01-26 22:53:39 +1000
  [1m[35m (0.1ms)[0m  [1m[34mSELECT "flipper_features"."key" AS feature_key, "flipper_gates"."key", "flipper_gates"."value" FROM "flipper_features" LEFT OUTER JOIN "flipper_gates" ON "flipper_features"."key" = "flipper_gates"."feature_key" /*application='WindsurfProject'*/[0m
  [1m[35m (0.1ms)[0m  [1m[34mSELECT "flipper_features"."key" AS feature_key, "flipper_gates"."key", "flipper_gates"."value" FROM "flipper_features" LEFT OUTER JOIN "flipper_gates" ON "flipper_features"."key" = "flipper_gates"."feature_key" /*application='WindsurfProject'*/[0m
  [1m[35m (0.0ms)[0m  [1m[34mSELECT "flipper_features"."key" AS feature_key, "flipper_gates"."key", "flipper_gates"."value" FROM "flipper_features" LEFT OUTER JOIN "flipper_gates" ON "flipper_features"."key" = "flipper_gates"."feature_key" /*application='WindsurfProject'*/[0m
Started GET "/flipper/css/application.css" for ::1 at 2026-01-26 22:53:40 +1000
Started GET "/flipper/js/bootstrap.min.js?v=1769432019" for ::1 at 2026-01-26 22:53:40 +1000
Started GET "/flipper/js/application.js?v=1.3.6" for ::1 at 2026-01-26 22:53:40 +1000
  [1m[35m (0.1ms)[0m  [1m[34mSELECT "flipper_features"."key" AS feature_key, "flipper_gates"."key", "flipper_gates"."value" FROM "flipper_features" LEFT OUTER JOIN "flipper_gates" ON "flipper_features"."key" = "flipper_gates"."feature_key" /*application='WindsurfProject'*/[0m
  [1m[35m (0.0ms)[0m  [1m[34mSELECT "flipper_features"."key" AS feature_key, "flipper_gates"."key", "flipper_gates"."value" FROM "flipper_features" LEFT OUTER JOIN "flipper_gates" ON "flipper_features"."key" = "flipper_gates"."feature_key" /*application='WindsurfProject'*/[0m
  [1m[35m (0.0ms)[0m  [1m[34mSELECT "flipper_features"."key" AS feature_key, "flipper_gates"."key", "flipper_gates"."value" FROM "flipper_features" LEFT OUTER JOIN "flipper_gates" ON "flipper_features"."key" = "flipper_gates"."feature_key" /*application='WindsurfProject'*/[0m
Started GET "/flipper/js/version.js?v=1.3.6" for ::1 at 2026-01-26 22:53:40 +1000
  [1m[35m (0.1ms)[0m  [1m[34mSELECT "flipper_features"."key" AS feature_key, "flipper_gates"."key", "flipper_gates"."value" FROM "flipper_features" LEFT OUTER JOIN "flipper_gates" ON "flipper_features"."key" = "flipper_gates"."feature_key" /*application='WindsurfProject'*/[0m
Started GET "/" for ::1 at 2026-01-26 22:53:43 +1000
  [1m[35m (0.2ms)[0m  [1m[34mSELECT "flipper_features"."key" AS feature_key, "flipper_gates"."key", "flipper_gates"."value" FROM "flipper_features" LEFT OUTER JOIN "flipper_gates" ON "flipper_features"."key" = "flipper_gates"."feature_key" /*application='WindsurfProject'*/[0m
Processing by WelcomeController#index as HTML
  Rendering layout layouts/application.html.erb
  Rendering welcome/index.html.erb within layouts/application
  Rendered welcome/index.html.erb within layouts/application (Duration: 0.2ms | GC: 0.0ms)
  Rendered layout layouts/application.html.erb (Duration: 1.1ms | GC: 0.0ms)
Completed 200 OK in 11ms (Views: 1.4ms | ActiveRecord: 0.0ms (0 queries, 0 cached) | GC: 0.4ms)


Started GET "/" for ::1 at 2026-01-26 22:53:44 +1000
  [1m[35m (0.3ms)[0m  [1m[34mSELECT "flipper_features"."key" AS feature_key, "flipper_gates"."key", "flipper_gates"."value" FROM "flipper_features" LEFT OUTER JOIN "flipper_gates" ON "flipper_features"."key" = "flipper_gates"."feature_key" /*application='WindsurfProject'*/[0m
Processing by WelcomeController#index as HTML
  Rendering layout layouts/application.html.erb
  Rendering welcome/index.html.erb within layouts/application
  Rendered welcome/index.html.erb within layouts/application (Duration: 0.1ms | GC: 0.0ms)
  Rendered layout layouts/application.html.erb (Duration: 0.9ms | GC: 0.0ms)
Completed 200 OK in 10ms (Views: 1.2ms | ActiveRecord: 0.0ms (0 queries, 0 cached) | GC: 0.0ms)


Started POST "/flipper/features/search/boolean" for ::1 at 2026-01-26 22:53:46 +1000
  [1m[35m (0.4ms)[0m  [1m[34mSELECT "flipper_features"."key" AS feature_key, "flipper_gates"."key", "flipper_gates"."value" FROM "flipper_features" LEFT OUTER JOIN "flipper_gates" ON "flipper_features"."key" = "flipper_gates"."feature_key" /*application='WindsurfProject'*/[0m
  [1m[36mTRANSACTION (0.1ms)[0m  [1m[35mBEGIN immediate TRANSACTION /*application='WindsurfProject'*/[0m
  [1m[36mFlipper::Adapters::ActiveRecord::Feature Exists? (1.6ms)[0m  [1m[34mSELECT 1 AS one FROM "flipper_features" WHERE "flipper_features"."key" = 'search' LIMIT 1 /*application='WindsurfProject'*/[0m
  [1m[36mTRANSACTION (0.0ms)[0m  [1m[35mCOMMIT TRANSACTION /*application='WindsurfProject'*/[0m
  [1m[36mTRANSACTION (0.0ms)[0m  [1m[35mBEGIN immediate TRANSACTION /*application='WindsurfProject'*/[0m
  [1m[36mFlipper::Adapters::ActiveRecord::Gate Load (1.1ms)[0m  [1m[34mSELECT "flipper_gates".* FROM "flipper_gates" WHERE "flipper_gates"."feature_key" = 'search' /*application='WindsurfProject'*/[0m
  [1m[36mFlipper::Adapters::ActiveRecord::Gate Load (0.1ms)[0m  [1m[34mSELECT "flipper_gates".* FROM "flipper_gates" WHERE "flipper_gates"."feature_key" = 'search' AND "flipper_gates"."key" = 'boolean' /*application='WindsurfProject'*/[0m
  [1m[36mFlipper::Adapters::ActiveRecord::Gate Create (0.2ms)[0m  [1m[32mINSERT INTO "flipper_gates" ("feature_key", "key", "value", "created_at", "updated_at") VALUES ('search', 'boolean', 'true', '2026-01-26 12:53:46.272272', '2026-01-26 12:53:46.272272') RETURNING "id" /*application='WindsurfProject'*/[0m
  [1m[36mTRANSACTION (0.1ms)[0m  [1m[35mCOMMIT TRANSACTION /*application='WindsurfProject'*/[0m
Started GET "/flipper/features/search" for ::1 at 2026-01-26 22:53:46 +1000
  [1m[35m (0.1ms)[0m  [1m[34mSELECT "flipper_features"."key" AS feature_key, "flipper_gates"."key", "flipper_gates"."value" FROM "flipper_features" LEFT OUTER JOIN "flipper_gates" ON "flipper_features"."key" = "flipper_gates"."feature_key" /*application='WindsurfProject'*/[0m
Started GET "/flipper/css/bootstrap.min.css?v=1769432026" for ::1 at 2026-01-26 22:53:46 +1000
Started GET "/flipper/css/application.css" for ::1 at 2026-01-26 22:53:46 +1000
Started GET "/flipper/images/logo.png" for ::1 at 2026-01-26 22:53:46 +1000
  [1m[35m (0.1ms)[0m  [1m[34mSELECT "flipper_features"."key" AS feature_key, "flipper_gates"."key", "flipper_gates"."value" FROM "flipper_features" LEFT OUTER JOIN "flipper_gates" ON "flipper_features"."key" = "flipper_gates"."feature_key" /*application='WindsurfProject'*/[0m
  [1m[35m (0.1ms)[0m  [1m[34mSELECT "flipper_features"."key" AS feature_key, "flipper_gates"."key", "flipper_gates"."value" FROM "flipper_features" LEFT OUTER JOIN "flipper_gates" ON "flipper_features"."key" = "flipper_gates"."feature_key" /*application='WindsurfProject'*/[0m
  [1m[35m (0.0ms)[0m  [1m[34mSELECT "flipper_features"."key" AS feature_key, "flipper_gates"."key", "flipper_gates"."value" FROM "flipper_features" LEFT OUTER JOIN "flipper_gates" ON "flipper_features"."key" = "flipper_gates"."feature_key" /*application='WindsurfProject'*/[0m
Started GET "/flipper/js/popper.min.js?v=1769432026" for ::1 at 2026-01-26 22:53:46 +1000
Started GET "/flipper/js/bootstrap.min.js?v=1769432026" for ::1 at 2026-01-26 22:53:46 +1000
Started GET "/flipper/js/application.js?v=1.3.6" for ::1 at 2026-01-26 22:53:46 +1000
  [1m[35m (0.2ms)[0m  [1m[34mSELECT "flipper_features"."key" AS feature_key, "flipper_gates"."key", "flipper_gates"."value" FROM "flipper_features" LEFT OUTER JOIN "flipper_gates" ON "flipper_features"."key" = "flipper_gates"."feature_key" /*application='WindsurfProject'*/[0m
  [1m[35m (0.1ms)[0m  [1m[34mSELECT "flipper_features"."key" AS feature_key, "flipper_gates"."key", "flipper_gates"."value" FROM "flipper_features" LEFT OUTER JOIN "flipper_gates" ON "flipper_features"."key" = "flipper_gates"."feature_key" /*application='WindsurfProject'*/[0m
  [1m[35m (0.0ms)[0m  [1m[34mSELECT "flipper_features"."key" AS feature_key, "flipper_gates"."key", "flipper_gates"."value" FROM "flipper_features" LEFT OUTER JOIN "flipper_gates" ON "flipper_features"."key" = "flipper_gates"."feature_key" /*application='WindsurfProject'*/[0m
Started GET "/flipper/js/version.js?v=1.3.6" for ::1 at 2026-01-26 22:53:46 +1000
  [1m[35m (0.1ms)[0m  [1m[34mSELECT "flipper_features"."key" AS feature_key, "flipper_gates"."key", "flipper_gates"."value" FROM "flipper_features" LEFT OUTER JOIN "flipper_gates" ON "flipper_features"."key" = "flipper_gates"."feature_key" /*application='WindsurfProject'*/[0m
Started GET "/" for ::1 at 2026-01-26 22:53:47 +1000
  [1m[35m (0.2ms)[0m  [1m[34mSELECT "flipper_features"."key" AS feature_key, "flipper_gates"."key", "flipper_gates"."value" FROM "flipper_features" LEFT OUTER JOIN "flipper_gates" ON "flipper_features"."key" = "flipper_gates"."feature_key" /*application='WindsurfProject'*/[0m
Processing by WelcomeController#index as HTML
  Rendering layout layouts/application.html.erb
  Rendering welcome/index.html.erb within layouts/application
  Rendered welcome/index.html.erb within layouts/application (Duration: 0.1ms | GC: 0.0ms)
  Rendered layout layouts/application.html.erb (Duration: 0.7ms | GC: 0.0ms)
Completed 200 OK in 8ms (Views: 0.9ms | ActiveRecord: 0.0ms (0 queries, 0 cached) | GC: 0.0ms)


Started POST "/flipper/features/search/boolean" for ::1 at 2026-01-26 22:53:53 +1000
  [1m[35m (0.2ms)[0m  [1m[34mSELECT "flipper_features"."key" AS feature_key, "flipper_gates"."key", "flipper_gates"."value" FROM "flipper_features" LEFT OUTER JOIN "flipper_gates" ON "flipper_features"."key" = "flipper_gates"."feature_key" /*application='WindsurfProject'*/[0m
  [1m[36mTRANSACTION (0.1ms)[0m  [1m[35mBEGIN immediate TRANSACTION /*application='WindsurfProject'*/[0m
  [1m[36mFlipper::Adapters::ActiveRecord::Feature Exists? (1.2ms)[0m  [1m[34mSELECT 1 AS one FROM "flipper_features" WHERE "flipper_features"."key" = 'search' LIMIT 1 /*application='WindsurfProject'*/[0m
  [1m[36mTRANSACTION (0.0ms)[0m  [1m[35mCOMMIT TRANSACTION /*application='WindsurfProject'*/[0m
  [1m[36mFlipper::Adapters::ActiveRecord::Gate Load (0.1ms)[0m  [1m[34mSELECT "flipper_gates".* FROM "flipper_gates" WHERE "flipper_gates"."feature_key" = 'search' /*application='WindsurfProject'*/[0m
  [1m[36mTRANSACTION (0.0ms)[0m  [1m[35mBEGIN immediate TRANSACTION /*application='WindsurfProject'*/[0m
  [1m[36mFlipper::Adapters::ActiveRecord::Gate Destroy (0.5ms)[0m  [1m[31mDELETE FROM "flipper_gates" WHERE "flipper_gates"."id" = 2 /*application='WindsurfProject'*/[0m
  [1m[36mTRANSACTION (0.1ms)[0m  [1m[35mCOMMIT TRANSACTION /*application='WindsurfProject'*/[0m
Started GET "/flipper/features/search" for ::1 at 2026-01-26 22:53:53 +1000
  [1m[35m (0.2ms)[0m  [1m[34mSELECT "flipper_features"."key" AS feature_key, "flipper_gates"."key", "flipper_gates"."value" FROM "flipper_features" LEFT OUTER JOIN "flipper_gates" ON "flipper_features"."key" = "flipper_gates"."feature_key" /*application='WindsurfProject'*/[0m
Started GET "/flipper/css/bootstrap.min.css?v=1769432033" for ::1 at 2026-01-26 22:53:53 +1000
Started GET "/flipper/js/popper.min.js?v=1769432033" for ::1 at 2026-01-26 22:53:53 +1000
Started GET "/flipper/images/logo.png" for ::1 at 2026-01-26 22:53:53 +1000
  [1m[35m (0.1ms)[0m  [1m[34mSELECT "flipper_features"."key" AS feature_key, "flipper_gates"."key", "flipper_gates"."value" FROM "flipper_features" LEFT OUTER JOIN "flipper_gates" ON "flipper_features"."key" = "flipper_gates"."feature_key" /*application='WindsurfProject'*/[0m
  [1m[35m (0.1ms)[0m  [1m[34mSELECT "flipper_features"."key" AS feature_key, "flipper_gates"."key", "flipper_gates"."value" FROM "flipper_features" LEFT OUTER JOIN "flipper_gates" ON "flipper_features"."key" = "flipper_gates"."feature_key" /*application='WindsurfProject'*/[0m
  [1m[35m (0.1ms)[0m  [1m[34mSELECT "flipper_features"."key" AS feature_key, "flipper_gates"."key", "flipper_gates"."value" FROM "flipper_features" LEFT OUTER JOIN "flipper_gates" ON "flipper_features"."key" = "flipper_gates"."feature_key" /*application='WindsurfProject'*/[0m
Started GET "/flipper/css/application.css" for ::1 at 2026-01-26 22:53:53 +1000
Started GET "/flipper/js/bootstrap.min.js?v=1769432033" for ::1 at 2026-01-26 22:53:53 +1000
Started GET "/flipper/js/application.js?v=1.3.6" for ::1 at 2026-01-26 22:53:53 +1000
  [1m[35m (0.1ms)[0m  [1m[34mSELECT "flipper_features"."key" AS feature_key, "flipper_gates"."key", "flipper_gates"."value" FROM "flipper_features" LEFT OUTER JOIN "flipper_gates" ON "flipper_features"."key" = "flipper_gates"."feature_key" /*application='WindsurfProject'*/[0m
  [1m[35m (0.1ms)[0m  [1m[34mSELECT "flipper_features"."key" AS feature_key, "flipper_gates"."key", "flipper_gates"."value" FROM "flipper_features" LEFT OUTER JOIN "flipper_gates" ON "flipper_features"."key" = "flipper_gates"."feature_key" /*application='WindsurfProject'*/[0m
  [1m[35m (0.0ms)[0m  [1m[34mSELECT "flipper_features"."key" AS feature_key, "flipper_gates"."key", "flipper_gates"."value" FROM "flipper_features" LEFT OUTER JOIN "flipper_gates" ON "flipper_features"."key" = "flipper_gates"."feature_key" /*application='WindsurfProject'*/[0m
Started GET "/flipper/js/version.js?v=1.3.6" for ::1 at 2026-01-26 22:53:53 +1000
  [1m[35m (0.0ms)[0m  [1m[34mSELECT "flipper_features"."key" AS feature_key, "flipper_gates"."key", "flipper_gates"."value" FROM "flipper_features" LEFT OUTER JOIN "flipper_gates" ON "flipper_features"."key" = "flipper_gates"."feature_key" /*application='WindsurfProject'*/[0m
